2020-08-25 02:45:35,717:DEBUG:certbot._internal.main:certbot version: 1.7.0
2020-08-25 02:45:35,717:DEBUG:certbot._internal.main:Arguments: ['--standalone', '-d', 'www.russellrounds.com']
2020-08-25 02:45:35,717:DEBUG:certbot._internal.main:Discovered plugins: PluginsRegistry(PluginEntryPoint#manual,PluginEntryPoint#null,PluginEntryPoint#standalone,PluginEntryPoint#webroot)
2020-08-25 02:45:35,732:DEBUG:certbot._internal.log:Root logging level set at 20
2020-08-25 02:45:35,732:INFO:certbot._internal.log:Saving debug log to C:\Certbot\log\letsencrypt.log
2020-08-25 02:45:35,748:DEBUG:certbot._internal.plugins.selection:Requested authenticator standalone and installer None
2020-08-25 02:45:35,748:DEBUG:certbot._internal.plugins.selection:Single candidate plugin: * standalone
Description: Spin up a temporary webserver
Interfaces: IAuthenticator, IPlugin
Entry point: standalone = certbot._internal.plugins.standalone:Authenticator
Initialized: <certbot._internal.plugins.standalone.Authenticator object at 0x0379A570>
Prep: True
2020-08-25 02:45:35,748:DEBUG:certbot._internal.plugins.selection:Selected authenticator <certbot._internal.plugins.standalone.Authenticator object at 0x0379A570> and installer None
2020-08-25 02:45:35,748:INFO:certbot._internal.plugins.selection:Plugins selected: Authenticator standalone, Installer None
2020-08-25 02:45:35,748:DEBUG:certbot._internal.main:Picked account: <Account(RegistrationResource(body=Registration(key=None, contact=(), agreement=None, status=None, terms_of_service_agreed=None, only_return_existing=None, external_account_binding=None), uri='https://acme-v02.api.letsencrypt.org/acme/acct/94814961', new_authzr_uri=None, terms_of_service=None), 87a314dbb2ed6666cf29458ad4d0d41a, Meta(creation_dt=datetime.datetime(2020, 8, 25, 6, 37, 51, tzinfo=<UTC>), creation_host='ip-192-168-56-1.ec2.internal', register_to_eff='rdoubleoc@gmail.com'))>
2020-08-25 02:45:35,748:DEBUG:acme.client:Sending GET request to https://acme-v02.api.letsencrypt.org/directory.
2020-08-25 02:45:35,764:DEBUG:urllib3.connectionpool:Starting new HTTPS connection (1): acme-v02.api.letsencrypt.org:443
2020-08-25 02:45:36,045:DEBUG:urllib3.connectionpool:https://acme-v02.api.letsencrypt.org:443 "GET /directory HTTP/1.1" 200 658
2020-08-25 02:45:36,045:DEBUG:acme.client:Received response:
HTTP 200
Server: nginx
Date: Tue, 25 Aug 2020 06:45:37 GMT
Content-Type: application/json
Content-Length: 658
Connection: keep-alive
Cache-Control: public, max-age=0, no-cache
X-Frame-Options: DENY
Strict-Transport-Security: max-age=604800

{
  "k95RQtJ8mCo": "https://community.letsencrypt.org/t/adding-random-entries-to-the-directory/33417",
  "keyChange": "https://acme-v02.api.letsencrypt.org/acme/key-change",
  "meta": {
    "caaIdentities": [
      "letsencrypt.org"
    ],
    "termsOfService": "https://letsencrypt.org/documents/LE-SA-v1.2-November-15-2017.pdf",
    "website": "https://letsencrypt.org"
  },
  "newAccount": "https://acme-v02.api.letsencrypt.org/acme/new-acct",
  "newNonce": "https://acme-v02.api.letsencrypt.org/acme/new-nonce",
  "newOrder": "https://acme-v02.api.letsencrypt.org/acme/new-order",
  "revokeCert": "https://acme-v02.api.letsencrypt.org/acme/revoke-cert"
}
2020-08-25 02:45:36,045:INFO:certbot._internal.main:Obtaining a new certificate
2020-08-25 02:45:36,811:DEBUG:certbot.crypto_util:Generating key (2048 bits): C:\Certbot\keys\0003_key-certbot.pem
2020-08-25 02:45:36,826:DEBUG:certbot.crypto_util:Creating CSR: C:\Certbot\csr\0003_csr-certbot.pem
2020-08-25 02:45:36,826:DEBUG:acme.client:Requesting fresh nonce
2020-08-25 02:45:36,826:DEBUG:acme.client:Sending HEAD request to https://acme-v02.api.letsencrypt.org/acme/new-nonce.
2020-08-25 02:45:36,904:DEBUG:urllib3.connectionpool:https://acme-v02.api.letsencrypt.org:443 "HEAD /acme/new-nonce HTTP/1.1" 200 0
2020-08-25 02:45:36,904:DEBUG:acme.client:Received response:
HTTP 200
Server: nginx
Date: Tue, 25 Aug 2020 06:45:37 GMT
Connection: keep-alive
Cache-Control: public, max-age=0, no-cache
Link: <https://acme-v02.api.letsencrypt.org/directory>;rel="index"
Replay-Nonce: 0002B6hr0zYJu3EETuT__g_8qV-pUIAvIUsecB5FffXXlwE
X-Frame-Options: DENY
Strict-Transport-Security: max-age=604800


2020-08-25 02:45:36,904:DEBUG:acme.client:Storing nonce: 0002B6hr0zYJu3EETuT__g_8qV-pUIAvIUsecB5FffXXlwE
2020-08-25 02:45:36,904:DEBUG:acme.client:JWS payload:
b'{\n  "identifiers": [\n    {\n      "type": "dns",\n      "value": "www.russellrounds.com"\n    }\n  ]\n}'
2020-08-25 02:45:36,904:DEBUG:acme.client:Sending POST request to https://acme-v02.api.letsencrypt.org/acme/new-order:
{
  "protected": "eyJhbGciOiAiUlMyNTYiLCAia2lkIjogImh0dHBzOi8vYWNtZS12MDIuYXBpLmxldHNlbmNyeXB0Lm9yZy9hY21lL2FjY3QvOTQ4MTQ5NjEiLCAibm9uY2UiOiAiMDAwMkI2aHIwellKdTNFRVR1VF9fZ184cVYtcFVJQXZJVXNlY0I1RmZmWFhsd0UiLCAidXJsIjogImh0dHBzOi8vYWNtZS12MDIuYXBpLmxldHNlbmNyeXB0Lm9yZy9hY21lL25ldy1vcmRlciJ9",
  "signature": "UpVtuhb8f2ZiQfNsbZsptQGhfoyTnchXTdDfVqKiifHdS8mmlxKgLxSEBfKhxXZINx_F47q33NeQr2T_HPbAikEPvo84YuMalh6_gd9uF_CmM_ycXw90Fkw5_fXOauNXLIFAJZWedsaaJpwZzxBnZAweIkhRjxDt17CnKY6TZRfkWO1PENQake9e997X25icbWbbxP-LbXnwbBJUiwmTcKf-mUMw_y5zrlH6GUayHCEVmb0T96yeA4PYc4xs9sJW0nLK7Ed8xlrtDJ4leQc_ZhdPbrEDfgYAmYI9482lUVR1mrOcpASkHzMPPut5EuPbXAmBZcrYG6Y2UKDB-a5RMw",
  "payload": "ewogICJpZGVudGlmaWVycyI6IFsKICAgIHsKICAgICAgInR5cGUiOiAiZG5zIiwKICAgICAgInZhbHVlIjogInd3dy5ydXNzZWxscm91bmRzLmNvbSIKICAgIH0KICBdCn0"
}
2020-08-25 02:45:37,217:DEBUG:urllib3.connectionpool:https://acme-v02.api.letsencrypt.org:443 "POST /acme/new-order HTTP/1.1" 201 351
2020-08-25 02:45:37,217:DEBUG:acme.client:Received response:
HTTP 201
Server: nginx
Date: Tue, 25 Aug 2020 06:45:38 GMT
Content-Type: application/json
Content-Length: 351
Connection: keep-alive
Boulder-Requester: 94814961
Cache-Control: public, max-age=0, no-cache
Link: <https://acme-v02.api.letsencrypt.org/directory>;rel="index"
Location: https://acme-v02.api.letsencrypt.org/acme/order/94814961/4852900998
Replay-Nonce: 0001cciSNpzZAgtIteihlJlD2okMpNPaTvL8_RPE8yctHEc
X-Frame-Options: DENY
Strict-Transport-Security: max-age=604800

{
  "status": "pending",
  "expires": "2020-09-01T06:45:38.190605265Z",
  "identifiers": [
    {
      "type": "dns",
      "value": "www.russellrounds.com"
    }
  ],
  "authorizations": [
    "https://acme-v02.api.letsencrypt.org/acme/authz-v3/6759527090"
  ],
  "finalize": "https://acme-v02.api.letsencrypt.org/acme/finalize/94814961/4852900998"
}
2020-08-25 02:45:37,217:DEBUG:acme.client:Storing nonce: 0001cciSNpzZAgtIteihlJlD2okMpNPaTvL8_RPE8yctHEc
2020-08-25 02:45:37,217:DEBUG:acme.client:JWS payload:
b''
2020-08-25 02:45:37,232:DEBUG:acme.client:Sending POST request to https://acme-v02.api.letsencrypt.org/acme/authz-v3/6759527090:
{
  "protected": "eyJhbGciOiAiUlMyNTYiLCAia2lkIjogImh0dHBzOi8vYWNtZS12MDIuYXBpLmxldHNlbmNyeXB0Lm9yZy9hY21lL2FjY3QvOTQ4MTQ5NjEiLCAibm9uY2UiOiAiMDAwMWNjaVNOcHpaQWd0SXRlaWhsSmxEMm9rTXBOUGFUdkw4X1JQRTh5Y3RIRWMiLCAidXJsIjogImh0dHBzOi8vYWNtZS12MDIuYXBpLmxldHNlbmNyeXB0Lm9yZy9hY21lL2F1dGh6LXYzLzY3NTk1MjcwOTAifQ",
  "signature": "hLHM_CmB676Km7aErGR1Yq_BnrSVViqhBWazJWbWE3hr2kSXgxXsychRl1RWqGjeflxirOiyVekp9jxMLNtjKqiwid8qVYzWKYPWb1x04aKNBtajx-_RdOd1cpYKBzWPqlNbxf_P6kD_RKfSaQZrj-pqZo35DEAr9DNFx9x9ityTEUmjNNhtd06wyAqXl6I24szGZLqlS1i-eFHrRLb2S-cBUh49r2a9fiBOsK2wYAi8NYtUEyy6z-ssYwdc33TRlDTEJXHL4FqsODiIJ-6MVhaifdCb3b6FeJ9__rfJYbEZdF-qQxjMjcYsUyVVFJgYxtJsQICCru1kby0hff4lXA",
  "payload": ""
}
2020-08-25 02:45:37,311:DEBUG:urllib3.connectionpool:https://acme-v02.api.letsencrypt.org:443 "POST /acme/authz-v3/6759527090 HTTP/1.1" 200 799
2020-08-25 02:45:37,311:DEBUG:acme.client:Received response:
HTTP 200
Server: nginx
Date: Tue, 25 Aug 2020 06:45:38 GMT
Content-Type: application/json
Content-Length: 799
Connection: keep-alive
Boulder-Requester: 94814961
Cache-Control: public, max-age=0, no-cache
Link: <https://acme-v02.api.letsencrypt.org/directory>;rel="index"
Replay-Nonce: 0001LCCil15x1kqVd0RHkwmKqpyvuO5ZZgpmO_AlLeZUbtU
X-Frame-Options: DENY
Strict-Transport-Security: max-age=604800

{
  "identifier": {
    "type": "dns",
    "value": "www.russellrounds.com"
  },
  "status": "pending",
  "expires": "2020-09-01T06:45:38Z",
  "challenges": [
    {
      "type": "http-01",
      "status": "pending",
      "url": "https://acme-v02.api.letsencrypt.org/acme/chall-v3/6759527090/XcY8LA",
      "token": "BF8H5U199ThlF2N1ht_0s14ikgQZLA4yZhIYBbAw188"
    },
    {
      "type": "dns-01",
      "status": "pending",
      "url": "https://acme-v02.api.letsencrypt.org/acme/chall-v3/6759527090/QL5CLw",
      "token": "BF8H5U199ThlF2N1ht_0s14ikgQZLA4yZhIYBbAw188"
    },
    {
      "type": "tls-alpn-01",
      "status": "pending",
      "url": "https://acme-v02.api.letsencrypt.org/acme/chall-v3/6759527090/z8jPgQ",
      "token": "BF8H5U199ThlF2N1ht_0s14ikgQZLA4yZhIYBbAw188"
    }
  ]
}
2020-08-25 02:45:37,311:DEBUG:acme.client:Storing nonce: 0001LCCil15x1kqVd0RHkwmKqpyvuO5ZZgpmO_AlLeZUbtU
2020-08-25 02:45:37,311:INFO:certbot._internal.auth_handler:Performing the following challenges:
2020-08-25 02:45:37,311:INFO:certbot._internal.auth_handler:http-01 challenge for www.russellrounds.com
2020-08-25 02:45:37,311:DEBUG:acme.standalone:Successfully bound to :80 using IPv6
2020-08-25 02:45:37,311:DEBUG:acme.standalone:Successfully bound to :80 using IPv4
2020-08-25 02:45:37,311:INFO:certbot._internal.auth_handler:Waiting for verification...
2020-08-25 02:45:37,311:DEBUG:acme.client:JWS payload:
b'{}'
2020-08-25 02:45:37,326:DEBUG:acme.client:Sending POST request to https://acme-v02.api.letsencrypt.org/acme/chall-v3/6759527090/XcY8LA:
{
  "protected": "eyJhbGciOiAiUlMyNTYiLCAia2lkIjogImh0dHBzOi8vYWNtZS12MDIuYXBpLmxldHNlbmNyeXB0Lm9yZy9hY21lL2FjY3QvOTQ4MTQ5NjEiLCAibm9uY2UiOiAiMDAwMUxDQ2lsMTV4MWtxVmQwUkhrd21LcXB5dnVPNVpaZ3BtT19BbExlWlVidFUiLCAidXJsIjogImh0dHBzOi8vYWNtZS12MDIuYXBpLmxldHNlbmNyeXB0Lm9yZy9hY21lL2NoYWxsLXYzLzY3NTk1MjcwOTAvWGNZOExBIn0",
  "signature": "pB6GOnP3gP4ZB76ZmAjcWNvNYDHLqAjFeWWziJJ9NOrh3tWuLllAIrn2K0Yz2BJGFn7rr8hmY7JTNaEXhRC_HlOrUvJXHGhpOaYcaDxiQHWI6W6ToP5anAD0XXRg1es-WOjD87DPx3kOWFISqv7jpqyKTT9h2VjrVN07PjzKHuPG8Iw7uK0RQraUt2eUYQOEFZu8UEONYfnZHS9PiNrWWq3nYyDAuVILp2NmPk76nTjdcbibz3nAGd3J170mYZInO8AcnV4hea2fW8E010rtkmA6C4BsJwshsnyWNwnXc099VQFdprAPgUXZHlkUZEogGSa9vKBC1zfO8O_t9WtfIQ",
  "payload": "e30"
}
2020-08-25 02:45:37,498:DEBUG:urllib3.connectionpool:https://acme-v02.api.letsencrypt.org:443 "POST /acme/chall-v3/6759527090/XcY8LA HTTP/1.1" 200 185
2020-08-25 02:45:37,498:DEBUG:acme.client:Received response:
HTTP 200
Server: nginx
Date: Tue, 25 Aug 2020 06:45:38 GMT
Content-Type: application/json
Content-Length: 185
Connection: keep-alive
Boulder-Requester: 94814961
Cache-Control: public, max-age=0, no-cache
Link: <https://acme-v02.api.letsencrypt.org/directory>;rel="index", <https://acme-v02.api.letsencrypt.org/acme/authz-v3/6759527090>;rel="up"
Location: https://acme-v02.api.letsencrypt.org/acme/chall-v3/6759527090/XcY8LA
Replay-Nonce: 0001ofYZHLmTQnUJrnn1uOCGdkGkYskVFHhe9S4zupGSQoo
X-Frame-Options: DENY
Strict-Transport-Security: max-age=604800

{
  "type": "http-01",
  "status": "pending",
  "url": "https://acme-v02.api.letsencrypt.org/acme/chall-v3/6759527090/XcY8LA",
  "token": "BF8H5U199ThlF2N1ht_0s14ikgQZLA4yZhIYBbAw188"
}
2020-08-25 02:45:37,498:DEBUG:acme.client:Storing nonce: 0001ofYZHLmTQnUJrnn1uOCGdkGkYskVFHhe9S4zupGSQoo
2020-08-25 02:45:38,514:DEBUG:acme.client:JWS payload:
b''
2020-08-25 02:45:38,514:DEBUG:acme.client:Sending POST request to https://acme-v02.api.letsencrypt.org/acme/authz-v3/6759527090:
{
  "protected": "eyJhbGciOiAiUlMyNTYiLCAia2lkIjogImh0dHBzOi8vYWNtZS12MDIuYXBpLmxldHNlbmNyeXB0Lm9yZy9hY21lL2FjY3QvOTQ4MTQ5NjEiLCAibm9uY2UiOiAiMDAwMW9mWVpITG1UUW5VSnJubjF1T0NHZGtHa1lza1ZGSGhlOVM0enVwR1NRb28iLCAidXJsIjogImh0dHBzOi8vYWNtZS12MDIuYXBpLmxldHNlbmNyeXB0Lm9yZy9hY21lL2F1dGh6LXYzLzY3NTk1MjcwOTAifQ",
  "signature": "Rn1BKEVuhOyc65-ZXZ_JheK7IjqVuBlml2y1H5tPcXCA38XsVhu3RZTFXzndSpSgX_zSPwwQ4VlWvCLKuzjI3srfxgpcq6TH_1GowvEVG_aKNcPSdPFP3J05LdEdxys7f5Jda404YKZA2MRkWH-gpgyO0gLYmn3lXP2nuaUV34vfV1RLXY7AGbi9PpV7-mCZB2vLKdXoRPt201j_jzj8pUMYFCyDTkittE_cU3ZINnpJr3yNBOszEK6h5oDGI3te4t8fRR3QkdOqYkymGTkk70ZyV8bKnmzDfafWhDhFM4E6qWDJozkzkcb5kTRvHCsl4hl-7ZqiNEuUArCgUoD1vA",
  "payload": ""
}
2020-08-25 02:45:39,154:DEBUG:urllib3.connectionpool:https://acme-v02.api.letsencrypt.org:443 "POST /acme/authz-v3/6759527090 HTTP/1.1" 200 799
2020-08-25 02:45:39,154:DEBUG:acme.client:Received response:
HTTP 200
Server: nginx
Date: Tue, 25 Aug 2020 06:45:39 GMT
Content-Type: application/json
Content-Length: 799
Connection: keep-alive
Boulder-Requester: 94814961
Cache-Control: public, max-age=0, no-cache
Link: <https://acme-v02.api.letsencrypt.org/directory>;rel="index"
Replay-Nonce: 0001xBqLDqEpPuox6YpxnuXLZYv3THFmthtWczvTQpyOzYM
X-Frame-Options: DENY
Strict-Transport-Security: max-age=604800

{
  "identifier": {
    "type": "dns",
    "value": "www.russellrounds.com"
  },
  "status": "pending",
  "expires": "2020-09-01T06:45:38Z",
  "challenges": [
    {
      "type": "http-01",
      "status": "pending",
      "url": "https://acme-v02.api.letsencrypt.org/acme/chall-v3/6759527090/XcY8LA",
      "token": "BF8H5U199ThlF2N1ht_0s14ikgQZLA4yZhIYBbAw188"
    },
    {
      "type": "dns-01",
      "status": "pending",
      "url": "https://acme-v02.api.letsencrypt.org/acme/chall-v3/6759527090/QL5CLw",
      "token": "BF8H5U199ThlF2N1ht_0s14ikgQZLA4yZhIYBbAw188"
    },
    {
      "type": "tls-alpn-01",
      "status": "pending",
      "url": "https://acme-v02.api.letsencrypt.org/acme/chall-v3/6759527090/z8jPgQ",
      "token": "BF8H5U199ThlF2N1ht_0s14ikgQZLA4yZhIYBbAw188"
    }
  ]
}
2020-08-25 02:45:39,154:DEBUG:acme.client:Storing nonce: 0001xBqLDqEpPuox6YpxnuXLZYv3THFmthtWczvTQpyOzYM
2020-08-25 02:45:42,170:DEBUG:acme.client:JWS payload:
b''
2020-08-25 02:45:42,170:DEBUG:acme.client:Sending POST request to https://acme-v02.api.letsencrypt.org/acme/authz-v3/6759527090:
{
  "protected": "eyJhbGciOiAiUlMyNTYiLCAia2lkIjogImh0dHBzOi8vYWNtZS12MDIuYXBpLmxldHNlbmNyeXB0Lm9yZy9hY21lL2FjY3QvOTQ4MTQ5NjEiLCAibm9uY2UiOiAiMDAwMXhCcUxEcUVwUHVveDZZcHhudVhMWll2M1RIRm10aHRXY3p2VFFweU96WU0iLCAidXJsIjogImh0dHBzOi8vYWNtZS12MDIuYXBpLmxldHNlbmNyeXB0Lm9yZy9hY21lL2F1dGh6LXYzLzY3NTk1MjcwOTAifQ",
  "signature": "oTFoUnr6qpf8ItOEaXfJaklcyEcwu5nfI96Yz_e6PT5FNCBlO1gEPTsl1fdRoeyXO8HJ-S7R2WYH0NrbOZCIds49NM-cZZM2zmVcU47zXu9yigz37l0jw6Hb-PBkG7__V1IM366RkpSvAjSPsiyw4wwPZzVhxKG7DgXYZnnedyM9_Vk15PC-QWfgiHWdO6eMf4phoit8VSMiYZUf6fSiKJQyMcK3F_nZN84E5HNh2x5-C0hJ0V_8ALUKzQLyUvDjNv3u24NuM-EywKMT7Vj57SQIlIVhZlw7_xHnOXC-8xxdHtxQdvhacDgBa0km4F43pCX1Mk33pRNcPskn67ePzw",
  "payload": ""
}
2020-08-25 02:45:42,326:DEBUG:urllib3.connectionpool:https://acme-v02.api.letsencrypt.org:443 "POST /acme/authz-v3/6759527090 HTTP/1.1" 200 1282
2020-08-25 02:45:42,326:DEBUG:acme.client:Received response:
HTTP 200
Server: nginx
Date: Tue, 25 Aug 2020 06:45:43 GMT
Content-Type: application/json
Content-Length: 1282
Connection: keep-alive
Boulder-Requester: 94814961
Cache-Control: public, max-age=0, no-cache
Link: <https://acme-v02.api.letsencrypt.org/directory>;rel="index"
Replay-Nonce: 00027KF41CdH1zTgR_rqcK8H5fn0ymrDOmbeWFb05trllQ4
X-Frame-Options: DENY
Strict-Transport-Security: max-age=604800

{
  "identifier": {
    "type": "dns",
    "value": "www.russellrounds.com"
  },
  "status": "invalid",
  "expires": "2020-09-01T06:45:38Z",
  "challenges": [
    {
      "type": "http-01",
      "status": "invalid",
      "error": {
        "type": "urn:ietf:params:acme:error:unauthorized",
        "detail": "Invalid response from http://www.russellrounds.com/.well-known/acme-challenge/BF8H5U199ThlF2N1ht_0s14ikgQZLA4yZhIYBbAw188 [54.175.249.246]: \"\u003chtml\u003e\\r\\n\u003chead\u003e\u003ctitle\u003e404 Not Found\u003c/title\u003e\u003c/head\u003e\\r\\n\u003cbody bgcolor=\\\"white\\\"\u003e\\r\\n\u003ccenter\u003e\u003ch1\u003e404 Not Found\u003c/h1\u003e\u003c/center\u003e\\r\\n\u003chr\u003e\u003ccenter\u003e\"",
        "status": 403
      },
      "url": "https://acme-v02.api.letsencrypt.org/acme/chall-v3/6759527090/XcY8LA",
      "token": "BF8H5U199ThlF2N1ht_0s14ikgQZLA4yZhIYBbAw188",
      "validationRecord": [
        {
          "url": "http://www.russellrounds.com/.well-known/acme-challenge/BF8H5U199ThlF2N1ht_0s14ikgQZLA4yZhIYBbAw188",
          "hostname": "www.russellrounds.com",
          "port": "80",
          "addressesResolved": [
            "54.175.249.246"
          ],
          "addressUsed": "54.175.249.246"
        }
      ]
    }
  ]
}
2020-08-25 02:45:42,326:DEBUG:acme.client:Storing nonce: 00027KF41CdH1zTgR_rqcK8H5fn0ymrDOmbeWFb05trllQ4
2020-08-25 02:45:42,326:WARNING:certbot._internal.auth_handler:Challenge failed for domain www.russellrounds.com
2020-08-25 02:45:42,342:INFO:certbot._internal.auth_handler:http-01 challenge for www.russellrounds.com
2020-08-25 02:45:42,342:DEBUG:certbot._internal.reporter:Reporting to user: The following errors were reported by the server:

Domain: www.russellrounds.com
Type:   unauthorized
Detail: Invalid response from http://www.russellrounds.com/.well-known/acme-challenge/BF8H5U199ThlF2N1ht_0s14ikgQZLA4yZhIYBbAw188 [54.175.249.246]: "<html>\r\n<head><title>404 Not Found</title></head>\r\n<body bgcolor=\"white\">\r\n<center><h1>404 Not Found</h1></center>\r\n<hr><center>"

To fix these errors, please make sure that your domain name was entered correctly and the DNS A/AAAA record(s) for that domain contain(s) the right IP address.
2020-08-25 02:45:42,342:DEBUG:certbot._internal.error_handler:Encountered exception:
Traceback (most recent call last):
  File "C:\Program Files (x86)\Certbot\pkgs\certbot\_internal\auth_handler.py", line 91, in handle_authorizations
    self._poll_authorizations(authzrs, max_retries, best_effort)
  File "C:\Program Files (x86)\Certbot\pkgs\certbot\_internal\auth_handler.py", line 180, in _poll_authorizations
    raise errors.AuthorizationError('Some challenges have failed.')
certbot.errors.AuthorizationError: Some challenges have failed.

2020-08-25 02:45:42,342:DEBUG:certbot._internal.error_handler:Calling registered functions
2020-08-25 02:45:42,342:INFO:certbot._internal.auth_handler:Cleaning up challenges
2020-08-25 02:45:42,342:DEBUG:certbot._internal.plugins.standalone:Stopping server at :::80...
2020-08-25 02:45:42,342:DEBUG:certbot._internal.plugins.standalone:Stopping server at 0.0.0.0:80...
2020-08-25 02:45:42,420:DEBUG:certbot._internal.log:Exiting abnormally:
Traceback (most recent call last):
  File "D:\obj\windows-release\37win32_Release\msi_python\zip_win32\runpy.py", line 193, in _run_module_as_main
  File "D:\obj\windows-release\37win32_Release\msi_python\zip_win32\runpy.py", line 85, in _run_code
  File "C:\Program Files (x86)\Certbot\bin\certbot.exe\__main__.py", line 33, in <module>
    sys.exit(main())
  File "C:\Program Files (x86)\Certbot\pkgs\certbot\main.py", line 15, in main
    return internal_main.main(cli_args)
  File "C:\Program Files (x86)\Certbot\pkgs\certbot\_internal\main.py", line 1357, in main
    return config.func(config, plugins)
  File "C:\Program Files (x86)\Certbot\pkgs\certbot\_internal\main.py", line 1237, in certonly
    lineage = _get_and_save_cert(le_client, config, domains, certname, lineage)
  File "C:\Program Files (x86)\Certbot\pkgs\certbot\_internal\main.py", line 121, in _get_and_save_cert
    lineage = le_client.obtain_and_enroll_certificate(domains, certname)
  File "C:\Program Files (x86)\Certbot\pkgs\certbot\_internal\client.py", line 418, in obtain_and_enroll_certificate
    cert, chain, key, _ = self.obtain_certificate(domains)
  File "C:\Program Files (x86)\Certbot\pkgs\certbot\_internal\client.py", line 351, in obtain_certificate
    orderr = self._get_order_and_authorizations(csr.data, self.config.allow_subset_of_names)
  File "C:\Program Files (x86)\Certbot\pkgs\certbot\_internal\client.py", line 398, in _get_order_and_authorizations
    authzr = self.auth_handler.handle_authorizations(orderr, best_effort)
  File "C:\Program Files (x86)\Certbot\pkgs\certbot\_internal\auth_handler.py", line 91, in handle_authorizations
    self._poll_authorizations(authzrs, max_retries, best_effort)
  File "C:\Program Files (x86)\Certbot\pkgs\certbot\_internal\auth_handler.py", line 180, in _poll_authorizations
    raise errors.AuthorizationError('Some challenges have failed.')
certbot.errors.AuthorizationError: Some challenges have failed.
2020-08-25 02:45:42,420:ERROR:certbot._internal.log:Some challenges have failed.
